Determining if the pthread_create exist failed with the following output:
Change Dir: /home/modesttrianglenuc/catkin_ws/build/CMakeFiles/CMakeTmp

Run Build Command:"/usr/bin/make" "cmTC_dd45e/fast"
/usr/bin/make -f CMakeFiles/cmTC_dd45e.dir/build.make CMakeFiles/cmTC_dd45e.dir/build
make[1]: Entering directory '/home/modesttrianglenuc/catkin_ws/build/CMakeFiles/CMakeTmp'
Building C object CMakeFiles/cmTC_dd45e.dir/CheckSymbolExists.c.o
/usr/bin/cc     -o CMakeFiles/cmTC_dd45e.dir/CheckSymbolExists.c.o   -c /home/modesttrianglenuc/catkin_ws/build/CMakeFiles/CMakeTmp/CheckSymbolExists.c
Linking C executable cmTC_dd45e
/usr/bin/cmake -E cmake_link_script CMakeFiles/cmTC_dd45e.dir/link.txt --verbose=1
/usr/bin/cc       CMakeFiles/cmTC_dd45e.dir/CheckSymbolExists.c.o  -o cmTC_dd45e -rdynamic 
CMakeFiles/cmTC_dd45e.dir/CheckSymbolExists.c.o: In function `main':
CheckSymbolExists.c:(.text+0x16): undefined reference to `pthread_create'
collect2: error: ld returned 1 exit status
CMakeFiles/cmTC_dd45e.dir/build.make:97: recipe for target 'cmTC_dd45e' failed
make[1]: *** [cmTC_dd45e] Error 1
make[1]: Leaving directory '/home/modesttrianglenuc/catkin_ws/build/CMakeFiles/CMakeTmp'
Makefile:126: recipe for target 'cmTC_dd45e/fast' failed
make: *** [cmTC_dd45e/fast] Error 2

File /home/modesttrianglenuc/catkin_ws/build/CMakeFiles/CMakeTmp/CheckSymbolExists.c:
/* */
#include <pthread.h>

int main(int argc, char** argv)
{
  (void)argv;
#ifndef pthread_create
  return ((int*)(&pthread_create))[argc];
#else
  (void)argc;
  return 0;
#endif
}

Determining if the function pthread_create exists in the pthreads failed with the following output:
Change Dir: /home/modesttrianglenuc/catkin_ws/build/CMakeFiles/CMakeTmp

Run Build Command:"/usr/bin/make" "cmTC_3f3fa/fast"
/usr/bin/make -f CMakeFiles/cmTC_3f3fa.dir/build.make CMakeFiles/cmTC_3f3fa.dir/build
make[1]: Entering directory '/home/modesttrianglenuc/catkin_ws/build/CMakeFiles/CMakeTmp'
Building C object CMakeFiles/cmTC_3f3fa.dir/CheckFunctionExists.c.o
/usr/bin/cc    -DCHECK_FUNCTION_EXISTS=pthread_create   -o CMakeFiles/cmTC_3f3fa.dir/CheckFunctionExists.c.o   -c /usr/share/cmake-3.5/Modules/CheckFunctionExists.c
Linking C executable cmTC_3f3fa
/usr/bin/cmake -E cmake_link_script CMakeFiles/cmTC_3f3fa.dir/link.txt --verbose=1
/usr/bin/cc   -DCHECK_FUNCTION_EXISTS=pthread_create    CMakeFiles/cmTC_3f3fa.dir/CheckFunctionExists.c.o  -o cmTC_3f3fa -rdynamic -lpthreads 
/usr/bin/ld: cannot find -lpthreads
collect2: error: ld returned 1 exit status
CMakeFiles/cmTC_3f3fa.dir/build.make:97: recipe for target 'cmTC_3f3fa' failed
make[1]: *** [cmTC_3f3fa] Error 1
make[1]: Leaving directory '/home/modesttrianglenuc/catkin_ws/build/CMakeFiles/CMakeTmp'
Makefile:126: recipe for target 'cmTC_3f3fa/fast' failed
make: *** [cmTC_3f3fa/fast] Error 2


